build/app/intermediates/manifest_merge_blame_file/release/manifest-merger-blame-release-report.txt
1<?xml version="1.0" encoding="utf-8"?>
2<manifest xmlns:android="http://schemas.android.com/apk/res/android"
3    package="com.kki.pohonasuh"
4    android:versionCode="17"
5    android:versionName="1.0.17" >
6
7    <uses-sdk
8        android:minSdkVersion="23"
9        android:targetSdkVersion="34" />
10
11    <uses-permission android:name="android.permission.INTERNET" />
11-->src/main/AndroidManifest.xml:4:5-66
11-->src/main/AndroidManifest.xml:4:22-64
12    <uses-permission android:name="android.permission.ACCESS_FINE_LOCATION" />
12-->src/main/AndroidManifest.xml:5:5-78
12-->src/main/AndroidManifest.xml:5:22-76
13    <uses-permission android:name="android.permission.ACCESS_COARSE_LOCATION" />
13-->src/main/AndroidManifest.xml:6:5-80
13-->src/main/AndroidManifest.xml:6:22-78
14    <uses-permission android:name="android.permission.CAMERA" />
14-->src/main/AndroidManifest.xml:7:5-64
14-->src/main/AndroidManifest.xml:7:22-62
15    <uses-permission
15-->src/main/AndroidManifest.xml:8:5-106
16        android:name="android.permission.READ_EXTERNAL_STORAGE"
16-->src/main/AndroidManifest.xml:8:22-77
17        android:maxSdkVersion="32" />
17-->src/main/AndroidManifest.xml:8:78-104
18    <uses-permission
18-->src/main/AndroidManifest.xml:9:5-107
19        android:name="android.permission.WRITE_EXTERNAL_STORAGE"
19-->src/main/AndroidManifest.xml:9:22-78
20        android:maxSdkVersion="32" />
20-->src/main/AndroidManifest.xml:9:79-105
21    <uses-permission android:name="android.permission.MANAGE_EXTERNAL_STORAGE" />
21-->src/main/AndroidManifest.xml:10:5-81
21-->src/main/AndroidManifest.xml:10:22-79
22    <uses-permission android:name="android.permission.ACCESS_NETWORK_STATE" />
22-->[:connectivity_plus] AndroidManifest.xml:7:5-79
22-->[:connectivity_plus] AndroidManifest.xml:7:22-76
23
24    <queries>
24-->[:file_picker] AndroidManifest.xml:11:5-17:15
25        <intent>
25-->[:file_picker] AndroidManifest.xml:12:9-16:18
26            <action android:name="android.intent.action.GET_CONTENT" />
26-->[:file_picker] AndroidManifest.xml:13:13-72
26-->[:file_picker] AndroidManifest.xml:13:21-69
27
28            <data android:mimeType="*/*" />
28-->src/main/AndroidManifest.xml:52:17-81
29        </intent>
30        <!-- Needs to be explicitly declared on Android R+ -->
31        <package android:name="com.google.android.apps.maps" />
31-->[com.google.android.gms:play-services-maps:18.2.0] AndroidManifest.xml:33:9-64
31-->[com.google.android.gms:play-services-maps:18.2.0] AndroidManifest.xml:33:18-61
32    </queries>
33
34    <uses-permission android:name="android.permission.WAKE_LOCK" /> <!-- Permissions options for the `notification` group -->
34-->[:firebase_messaging] AndroidManifest.xml:8:5-68
34-->[:firebase_messaging] AndroidManifest.xml:8:22-65
35    <uses-permission android:name="android.permission.POST_NOTIFICATIONS" />
35-->[:firebase_messaging] AndroidManifest.xml:11:5-77
35-->[:firebase_messaging] AndroidManifest.xml:11:22-74
36    <uses-permission android:name="android.permission.VIBRATE" />
36-->[:flutter_local_notifications] AndroidManifest.xml:7:5-66
36-->[:flutter_local_notifications] AndroidManifest.xml:7:22-63
37
38    <uses-feature
38-->[com.google.android.gms:play-services-maps:18.2.0] AndroidManifest.xml:26:5-28:35
39        android:glEsVersion="0x00020000"
39-->[com.google.android.gms:play-services-maps:18.2.0] AndroidManifest.xml:27:9-41
40        android:required="true" /> <!-- Create a unique permission for your app and use it so only your app can receive your OneSignal messages. -->
40-->[com.google.android.gms:play-services-maps:18.2.0] AndroidManifest.xml:28:9-32
41    <permission
41-->[com.onesignal:notifications:5.1.33] AndroidManifest.xml:10:5-12:47
42        android:name="com.kki.pohonasuh.permission.C2D_MESSAGE"
42-->[com.onesignal:notifications:5.1.33] AndroidManifest.xml:11:9-63
43        android:protectionLevel="signature" />
43-->[com.onesignal:notifications:5.1.33] AndroidManifest.xml:12:9-44
44
45    <uses-permission android:name="com.kki.pohonasuh.permission.C2D_MESSAGE" /> <!-- c2dm RECEIVE are basic requirements for push messages through Google's FCM -->
45-->[com.onesignal:notifications:5.1.33] AndroidManifest.xml:14:5-79
45-->[com.onesignal:notifications:5.1.33] AndroidManifest.xml:14:22-76
46    <uses-permission android:name="com.google.android.c2dm.permission.RECEIVE" />
46-->[com.onesignal:notifications:5.1.33] AndroidManifest.xml:19:5-82
46-->[com.onesignal:notifications:5.1.33] AndroidManifest.xml:19:22-79
47    <!--
48 Use to restore notifications the user hasn't interacted with.
49     They could be missed notifications if the user reboots their device if this isn't in place.
50    -->
51    <uses-permission android:name="android.permission.RECEIVE_BOOT_COMPLETED" /> <!-- START: ShortcutBadger -->
51-->[com.onesignal:notifications:5.1.33] AndroidManifest.xml:29:5-81
51-->[com.onesignal:notifications:5.1.33] AndroidManifest.xml:29:22-78
52    <!-- Samsung -->
53    <uses-permission android:name="com.sec.android.provider.badge.permission.READ" />
53-->[com.onesignal:notifications:5.1.33] AndroidManifest.xml:31:5-86
53-->[com.onesignal:notifications:5.1.33] AndroidManifest.xml:31:22-83
54    <uses-permission android:name="com.sec.android.provider.badge.permission.WRITE" /> <!-- HTC -->
54-->[com.onesignal:notifications:5.1.33] AndroidManifest.xml:32:5-87
54-->[com.onesignal:notifications:5.1.33] AndroidManifest.xml:32:22-84
55    <uses-permission android:name="com.htc.launcher.permission.READ_SETTINGS" />
55-->[com.onesignal:notifications:5.1.33] AndroidManifest.xml:33:5-81
55-->[com.onesignal:notifications:5.1.33] AndroidManifest.xml:33:22-78
56    <uses-permission android:name="com.htc.launcher.permission.UPDATE_SHORTCUT" /> <!-- Sony -->
56-->[com.onesignal:notifications:5.1.33] AndroidManifest.xml:34:5-83
56-->[com.onesignal:notifications:5.1.33] AndroidManifest.xml:34:22-80
57    <uses-permission android:name="com.sonyericsson.home.permission.BROADCAST_BADGE" />
57-->[com.onesignal:notifications:5.1.33] AndroidManifest.xml:35:5-88
57-->[com.onesignal:notifications:5.1.33] AndroidManifest.xml:35:22-85
58    <uses-permission android:name="com.sonymobile.home.permission.PROVIDER_INSERT_BADGE" /> <!-- Apex -->
58-->[com.onesignal:notifications:5.1.33] AndroidManifest.xml:36:5-92
58-->[com.onesignal:notifications:5.1.33] AndroidManifest.xml:36:22-89
59    <uses-permission android:name="com.anddoes.launcher.permission.UPDATE_COUNT" /> <!-- Solid -->
59-->[com.onesignal:notifications:5.1.33] AndroidManifest.xml:37:5-84
59-->[com.onesignal:notifications:5.1.33] AndroidManifest.xml:37:22-81
60    <uses-permission android:name="com.majeur.launcher.permission.UPDATE_BADGE" /> <!-- Huawei -->
60-->[com.onesignal:notifications:5.1.33] AndroidManifest.xml:38:5-83
60-->[com.onesignal:notifications:5.1.33] AndroidManifest.xml:38:22-80
61    <uses-permission android:name="com.huawei.android.launcher.permission.CHANGE_BADGE" />
61-->[com.onesignal:notifications:5.1.33] AndroidManifest.xml:39:5-91
61-->[com.onesignal:notifications:5.1.33] AndroidManifest.xml:39:22-88
62    <uses-permission android:name="com.huawei.android.launcher.permission.READ_SETTINGS" />
62-->[com.onesignal:notifications:5.1.33] AndroidManifest.xml:40:5-92
62-->[com.onesignal:notifications:5.1.33] AndroidManifest.xml:40:22-89
63    <uses-permission android:name="com.huawei.android.launcher.permission.WRITE_SETTINGS" /> <!-- ZUK -->
63-->[com.onesignal:notifications:5.1.33] AndroidManifest.xml:41:5-93
63-->[com.onesignal:notifications:5.1.33] AndroidManifest.xml:41:22-90
64    <uses-permission android:name="android.permission.READ_APP_BADGE" /> <!-- OPPO -->
64-->[com.onesignal:notifications:5.1.33] AndroidManifest.xml:42:5-73
64-->[com.onesignal:notifications:5.1.33] AndroidManifest.xml:42:22-70
65    <uses-permission android:name="com.oppo.launcher.permission.READ_SETTINGS" />
65-->[com.onesignal:notifications:5.1.33] AndroidManifest.xml:43:5-82
65-->[com.onesignal:notifications:5.1.33] AndroidManifest.xml:43:22-79
66    <uses-permission android:name="com.oppo.launcher.permission.WRITE_SETTINGS" /> <!-- EvMe -->
66-->[com.onesignal:notifications:5.1.33] AndroidManifest.xml:44:5-83
66-->[com.onesignal:notifications:5.1.33] AndroidManifest.xml:44:22-80
67    <uses-permission android:name="me.everything.badger.permission.BADGE_COUNT_READ" />
67-->[com.onesignal:notifications:5.1.33] AndroidManifest.xml:45:5-88
67-->[com.onesignal:notifications:5.1.33] AndroidManifest.xml:45:22-85
68    <uses-permission android:name="me.everything.badger.permission.BADGE_COUNT_WRITE" />
68-->[com.onesignal:notifications:5.1.33] AndroidManifest.xml:46:5-89
68-->[com.onesignal:notifications:5.1.33] AndroidManifest.xml:46:22-86
69    <uses-permission android:name="android.permission.FOREGROUND_SERVICE" />
69-->[androidx.work:work-runtime:2.8.1] AndroidManifest.xml:26:5-77
69-->[androidx.work:work-runtime:2.8.1] AndroidManifest.xml:26:22-74
70
71    <permission
71-->[androidx.core:core:1.13.1] AndroidManifest.xml:22:5-24:47
72        android:name="com.kki.pohonasuh.DYNAMIC_RECEIVER_NOT_EXPORTED_PERMISSION"
72-->[androidx.core:core:1.13.1] AndroidManifest.xml:23:9-81
73        android:protectionLevel="signature" />
73-->[androidx.core:core:1.13.1] AndroidManifest.xml:24:9-44
74
75    <uses-permission android:name="com.kki.pohonasuh.DYNAMIC_RECEIVER_NOT_EXPORTED_PERMISSION" />
75-->[androidx.core:core:1.13.1] AndroidManifest.xml:26:5-97
75-->[androidx.core:core:1.13.1] AndroidManifest.xml:26:22-94
76
77    <application
77-->src/main/AndroidManifest.xml:11:5-66:19
78        android:appComponentFactory="androidx.core.app.CoreComponentFactory"
78-->[androidx.core:core:1.13.1] AndroidManifest.xml:28:18-86
79        android:extractNativeLibs="false"
80        android:icon="@mipmap/ic_launcher"
80-->src/main/AndroidManifest.xml:14:9-43
81        android:label="Adopsi Pohon"
81-->src/main/AndroidManifest.xml:12:9-37
82        android:requestLegacyExternalStorage="true" >
82-->src/main/AndroidManifest.xml:15:9-52
83        <activity
83-->src/main/AndroidManifest.xml:17:9-55:20
84            android:name="com.kki.pohonasuh.MainActivity"
84-->src/main/AndroidManifest.xml:18:13-41
85            android:configChanges="orientation|keyboardHidden|keyboard|screenSize|smallestScreenSize|locale|layoutDirection|fontScale|screenLayout|density|uiMode"
85-->src/main/AndroidManifest.xml:22:13-163
86            android:exported="true"
86-->src/main/AndroidManifest.xml:19:13-36
87            android:hardwareAccelerated="true"
87-->src/main/AndroidManifest.xml:23:13-47
88            android:launchMode="singleTop"
88-->src/main/AndroidManifest.xml:20:13-43
89            android:theme="@style/LaunchTheme"
89-->src/main/AndroidManifest.xml:21:13-47
90            android:windowSoftInputMode="adjustResize" >
90-->src/main/AndroidManifest.xml:24:13-55
91
92            <!--
93                 Specifies an Android theme to apply to this Activity as soon as
94                 the Android process has started. This theme is visible to the user
95                 while the Flutter UI initializes. After that, this theme continues
96                 to determine the Window background behind the Flutter UI.
97            -->
98            <meta-data
98-->src/main/AndroidManifest.xml:29:13-32:17
99                android:name="io.flutter.embedding.android.NormalTheme"
99-->src/main/AndroidManifest.xml:30:15-70
100                android:resource="@style/NormalTheme" />
100-->src/main/AndroidManifest.xml:31:15-52
101            <!--
102                 Displays an Android View that continues showing the launch screen
103                 Drawable until Flutter paints its first frame, then this splash
104                 screen fades out. A splash screen is useful to avoid any visual
105                 gap between the end of Android's launch screen and the painting of
106                 Flutter's first frame.
107            -->
108            <meta-data
108-->src/main/AndroidManifest.xml:38:13-41:17
109                android:name="io.flutter.embedding.android.SplashScreenDrawable"
109-->src/main/AndroidManifest.xml:39:15-79
110                android:resource="@drawable/launch_background" />
110-->src/main/AndroidManifest.xml:40:15-61
111
112            <intent-filter>
112-->src/main/AndroidManifest.xml:42:13-45:29
113                <action android:name="android.intent.action.MAIN" />
113-->src/main/AndroidManifest.xml:43:17-68
113-->src/main/AndroidManifest.xml:43:25-66
114
115                <category android:name="android.intent.category.LAUNCHER" />
115-->src/main/AndroidManifest.xml:44:17-76
115-->src/main/AndroidManifest.xml:44:27-74
116            </intent-filter>
117            <!-- Deep linking -->
118            <meta-data
118-->src/main/AndroidManifest.xml:47:13-90
119                android:name="flutter_deeplinking_enabled"
119-->src/main/AndroidManifest.xml:47:24-66
120                android:value="true" />
120-->src/main/AndroidManifest.xml:47:67-87
121
122            <intent-filter android:autoVerify="true" >
122-->src/main/AndroidManifest.xml:48:13-53:29
122-->src/main/AndroidManifest.xml:48:28-53
123                <action android:name="android.intent.action.VIEW" />
123-->src/main/AndroidManifest.xml:49:17-69
123-->src/main/AndroidManifest.xml:49:25-66
124
125                <category android:name="android.intent.category.DEFAULT" />
125-->src/main/AndroidManifest.xml:50:17-76
125-->src/main/AndroidManifest.xml:50:27-73
126                <category android:name="android.intent.category.BROWSABLE" />
126-->src/main/AndroidManifest.xml:51:17-78
126-->src/main/AndroidManifest.xml:51:27-75
127
128                <data
128-->src/main/AndroidManifest.xml:52:17-81
129                    android:host="pohonasuh.com"
129-->src/main/AndroidManifest.xml:52:50-78
130                    android:scheme="pohonasuh" />
130-->src/main/AndroidManifest.xml:52:23-49
131            </intent-filter>
132        </activity>
133
134        <!--
135             Don't delete the meta-data below.
136             This is used by the Flutter tool to generate GeneratedPluginRegistrant.java
137        -->
138        <meta-data
138-->src/main/AndroidManifest.xml:59:9-61:33
139            android:name="flutterEmbedding"
139-->src/main/AndroidManifest.xml:60:13-44
140            android:value="2" />
140-->src/main/AndroidManifest.xml:61:13-30
141        <meta-data
141-->src/main/AndroidManifest.xml:62:9-123
142            android:name="com.google.android.geo.API_KEY"
142-->src/main/AndroidManifest.xml:62:20-65
143            android:value="AIzaSyDsc1dFvcyeI0OiCBNjxVdSBkTx4xTtgns" />
143-->src/main/AndroidManifest.xml:62:66-121
144
145        <service
145-->[:firebase_messaging] AndroidManifest.xml:14:9-17:72
146            android:name="io.flutter.plugins.firebase.messaging.FlutterFirebaseMessagingBackgroundService"
146-->[:firebase_messaging] AndroidManifest.xml:15:13-107
147            android:exported="false"
147-->[:firebase_messaging] AndroidManifest.xml:16:13-37
148            android:permission="android.permission.BIND_JOB_SERVICE" />
148-->[:firebase_messaging] AndroidManifest.xml:17:13-69
149        <service
149-->[:firebase_messaging] AndroidManifest.xml:18:9-24:19
150            android:name="io.flutter.plugins.firebase.messaging.FlutterFirebaseMessagingService"
150-->[:firebase_messaging] AndroidManifest.xml:19:13-97
151            android:exported="false" >
151-->[:firebase_messaging] AndroidManifest.xml:20:13-37
152            <intent-filter>
152-->[:firebase_messaging] AndroidManifest.xml:21:13-23:29
153                <action android:name="com.google.firebase.MESSAGING_EVENT" />
153-->[:firebase_messaging] AndroidManifest.xml:22:17-78
153-->[:firebase_messaging] AndroidManifest.xml:22:25-75
154            </intent-filter>
155        </service>
156
157        <receiver
157-->[:firebase_messaging] AndroidManifest.xml:26:9-33:20
158            android:name="io.flutter.plugins.firebase.messaging.FlutterFirebaseMessagingReceiver"
158-->[:firebase_messaging] AndroidManifest.xml:27:13-98
159            android:exported="true"
159-->[:firebase_messaging] AndroidManifest.xml:28:13-36
160            android:permission="com.google.android.c2dm.permission.SEND" >
160-->[:firebase_messaging] AndroidManifest.xml:29:13-73
161            <intent-filter>
161-->[:firebase_messaging] AndroidManifest.xml:30:13-32:29
162                <action android:name="com.google.android.c2dm.intent.RECEIVE" />
162-->[:firebase_messaging] AndroidManifest.xml:31:17-81
162-->[:firebase_messaging] AndroidManifest.xml:31:25-78
163            </intent-filter>
164        </receiver>
165
166        <service
166-->[:firebase_messaging] AndroidManifest.xml:35:9-39:19
167            android:name="com.google.firebase.components.ComponentDiscoveryService"
167-->[:firebase_messaging] AndroidManifest.xml:35:18-89
168            android:directBootAware="true"
168-->[com.google.firebase:firebase-common:21.0.0] AndroidManifest.xml:32:13-43
169            android:exported="false" >
169-->[com.google.firebase:firebase-messaging:24.1.1] AndroidManifest.xml:56:13-37
170            <meta-data
170-->[:firebase_messaging] AndroidManifest.xml:36:13-38:85
171                android:name="com.google.firebase.components:io.flutter.plugins.firebase.messaging.FlutterFirebaseAppRegistrar"
171-->[:firebase_messaging] AndroidManifest.xml:37:17-128
172                android:value="com.google.firebase.components.ComponentRegistrar" />
172-->[:firebase_messaging] AndroidManifest.xml:38:17-82
173            <meta-data
173-->[:firebase_core] AndroidManifest.xml:9:13-11:85
174                android:name="com.google.firebase.components:io.flutter.plugins.firebase.core.FlutterFirebaseCoreRegistrar"
174-->[:firebase_core] AndroidManifest.xml:10:17-124
175                android:value="com.google.firebase.components.ComponentRegistrar" />
175-->[:firebase_core] AndroidManifest.xml:11:17-82
176            <meta-data
176-->[com.google.firebase:firebase-messaging:24.1.1] AndroidManifest.xml:57:13-59:85
177                android:name="com.google.firebase.components:com.google.firebase.messaging.FirebaseMessagingKtxRegistrar"
177-->[com.google.firebase:firebase-messaging:24.1.1] AndroidManifest.xml:58:17-122
178                android:value="com.google.firebase.components.ComponentRegistrar" />
178-->[com.google.firebase:firebase-messaging:24.1.1] AndroidManifest.xml:59:17-82
179            <meta-data
179-->[com.google.firebase:firebase-messaging:24.1.1] AndroidManifest.xml:60:13-62:85
180                android:name="com.google.firebase.components:com.google.firebase.messaging.FirebaseMessagingRegistrar"
180-->[com.google.firebase:firebase-messaging:24.1.1] AndroidManifest.xml:61:17-119
181                android:value="com.google.firebase.components.ComponentRegistrar" />
181-->[com.google.firebase:firebase-messaging:24.1.1] AndroidManifest.xml:62:17-82
182            <meta-data
182-->[com.google.firebase:firebase-installations:18.0.0] AndroidManifest.xml:15:13-17:85
183                android:name="com.google.firebase.components:com.google.firebase.installations.FirebaseInstallationsKtxRegistrar"
183-->[com.google.firebase:firebase-installations:18.0.0] AndroidManifest.xml:16:17-130
184                android:value="com.google.firebase.components.ComponentRegistrar" />
184-->[com.google.firebase:firebase-installations:18.0.0] AndroidManifest.xml:17:17-82
185            <meta-data
185-->[com.google.firebase:firebase-installations:18.0.0] AndroidManifest.xml:18:13-20:85
186                android:name="com.google.firebase.components:com.google.firebase.installations.FirebaseInstallationsRegistrar"
186-->[com.google.firebase:firebase-installations:18.0.0] AndroidManifest.xml:19:17-127
187                android:value="com.google.firebase.components.ComponentRegistrar" />
187-->[com.google.firebase:firebase-installations:18.0.0] AndroidManifest.xml:20:17-82
188            <meta-data
188-->[com.google.firebase:firebase-common-ktx:21.0.0] AndroidManifest.xml:12:13-14:85
189                android:name="com.google.firebase.components:com.google.firebase.ktx.FirebaseCommonLegacyRegistrar"
189-->[com.google.firebase:firebase-common-ktx:21.0.0] AndroidManifest.xml:13:17-116
190                android:value="com.google.firebase.components.ComponentRegistrar" />
190-->[com.google.firebase:firebase-common-ktx:21.0.0] AndroidManifest.xml:14:17-82
191            <meta-data
191-->[com.google.firebase:firebase-common:21.0.0] AndroidManifest.xml:35:13-37:85
192                android:name="com.google.firebase.components:com.google.firebase.FirebaseCommonKtxRegistrar"
192-->[com.google.firebase:firebase-common:21.0.0] AndroidManifest.xml:36:17-109
193                android:value="com.google.firebase.components.ComponentRegistrar" />
193-->[com.google.firebase:firebase-common:21.0.0] AndroidManifest.xml:37:17-82
194            <meta-data
194-->[com.google.firebase:firebase-datatransport:18.2.0] AndroidManifest.xml:25:13-27:85
195                android:name="com.google.firebase.components:com.google.firebase.datatransport.TransportRegistrar"
195-->[com.google.firebase:firebase-datatransport:18.2.0] AndroidManifest.xml:26:17-115
196                android:value="com.google.firebase.components.ComponentRegistrar" />
196-->[com.google.firebase:firebase-datatransport:18.2.0] AndroidManifest.xml:27:17-82
197        </service>
198
199        <provider
199-->[:firebase_messaging] AndroidManifest.xml:41:9-45:38
200            android:name="io.flutter.plugins.firebase.messaging.FlutterFirebaseMessagingInitProvider"
200-->[:firebase_messaging] AndroidManifest.xml:42:13-102
201            android:authorities="com.kki.pohonasuh.flutterfirebasemessaginginitprovider"
201-->[:firebase_messaging] AndroidManifest.xml:43:13-88
202            android:exported="false"
202-->[:firebase_messaging] AndroidManifest.xml:44:13-37
203            android:initOrder="99" />
203-->[:firebase_messaging] AndroidManifest.xml:45:13-35
204        <provider
204-->[:image_picker_android] AndroidManifest.xml:9:9-17:20
205            android:name="io.flutter.plugins.imagepicker.ImagePickerFileProvider"
205-->[:image_picker_android] AndroidManifest.xml:10:13-82
206            android:authorities="com.kki.pohonasuh.flutter.image_provider"
206-->[:image_picker_android] AndroidManifest.xml:11:13-74
207            android:exported="false"
207-->[:image_picker_android] AndroidManifest.xml:12:13-37
208            android:grantUriPermissions="true" >
208-->[:image_picker_android] AndroidManifest.xml:13:13-47
209            <meta-data
209-->[:image_picker_android] AndroidManifest.xml:14:13-16:75
210                android:name="android.support.FILE_PROVIDER_PATHS"
210-->[:image_picker_android] AndroidManifest.xml:15:17-67
211                android:resource="@xml/flutter_image_picker_file_paths" />
211-->[:image_picker_android] AndroidManifest.xml:16:17-72
212        </provider> <!-- Trigger Google Play services to install the backported photo picker module. -->
213        <service
213-->[:image_picker_android] AndroidManifest.xml:19:9-31:19
214            android:name="com.google.android.gms.metadata.ModuleDependencies"
214-->[:image_picker_android] AndroidManifest.xml:20:13-78
215            android:enabled="false"
215-->[:image_picker_android] AndroidManifest.xml:21:13-36
216            android:exported="false" >
216-->[:image_picker_android] AndroidManifest.xml:22:13-37
217            <intent-filter>
217-->[:image_picker_android] AndroidManifest.xml:24:13-26:29
218                <action android:name="com.google.android.gms.metadata.MODULE_DEPENDENCIES" />
218-->[:image_picker_android] AndroidManifest.xml:25:17-94
218-->[:image_picker_android] AndroidManifest.xml:25:25-91
219            </intent-filter>
220
221            <meta-data
221-->[:image_picker_android] AndroidManifest.xml:28:13-30:36
222                android:name="photopicker_activity:0:required"
222-->[:image_picker_android] AndroidManifest.xml:29:17-63
223                android:value="" />
223-->[:image_picker_android] AndroidManifest.xml:30:17-33
224        </service>
225        <service
225-->[:geolocator_android] AndroidManifest.xml:8:9-12:56
226            android:name="com.baseflow.geolocator.GeolocatorLocationService"
226-->[:geolocator_android] AndroidManifest.xml:9:13-77
227            android:enabled="true"
227-->[:geolocator_android] AndroidManifest.xml:10:13-35
228            android:exported="false"
228-->[:geolocator_android] AndroidManifest.xml:11:13-37
229            android:foregroundServiceType="location" />
229-->[:geolocator_android] AndroidManifest.xml:12:13-53
230        <!--
231           Declares a provider which allows us to store files to share in
232           '.../caches/share_plus' and grant the receiving action access
233        -->
234        <provider
234-->[:share_plus] AndroidManifest.xml:13:9-21:20
235            android:name="dev.fluttercommunity.plus.share.ShareFileProvider"
235-->[:share_plus] AndroidManifest.xml:14:13-77
236            android:authorities="com.kki.pohonasuh.flutter.share_provider"
236-->[:share_plus] AndroidManifest.xml:15:13-74
237            android:exported="false"
237-->[:share_plus] AndroidManifest.xml:16:13-37
238            android:grantUriPermissions="true" >
238-->[:share_plus] AndroidManifest.xml:17:13-47
239            <meta-data
239-->[:image_picker_android] AndroidManifest.xml:14:13-16:75
240                android:name="android.support.FILE_PROVIDER_PATHS"
240-->[:image_picker_android] AndroidManifest.xml:15:17-67
241                android:resource="@xml/flutter_share_file_paths" />
241-->[:image_picker_android] AndroidManifest.xml:16:17-72
242        </provider>
243        <!--
244           This manifest declared broadcast receiver allows us to use an explicit
245           Intent when creating a PendingItent to be informed of the user's choice
246        -->
247        <receiver
247-->[:share_plus] AndroidManifest.xml:26:9-32:20
248            android:name="dev.fluttercommunity.plus.share.SharePlusPendingIntent"
248-->[:share_plus] AndroidManifest.xml:27:13-82
249            android:exported="false" >
249-->[:share_plus] AndroidManifest.xml:28:13-37
250            <intent-filter>
250-->[:share_plus] AndroidManifest.xml:29:13-31:29
251                <action android:name="EXTRA_CHOSEN_COMPONENT" />
251-->[:share_plus] AndroidManifest.xml:30:17-65
251-->[:share_plus] AndroidManifest.xml:30:25-62
252            </intent-filter>
253        </receiver>
254
255        <activity
255-->[:url_launcher_android] AndroidManifest.xml:8:9-11:74
256            android:name="io.flutter.plugins.urllauncher.WebViewActivity"
256-->[:url_launcher_android] AndroidManifest.xml:9:13-74
257            android:exported="false"
257-->[:url_launcher_android] AndroidManifest.xml:10:13-37
258            android:theme="@android:style/Theme.NoTitleBar.Fullscreen" /> <!-- Needs to be explicitly declared on P+ -->
258-->[:url_launcher_android] AndroidManifest.xml:11:13-71
259        <uses-library
259-->[com.google.android.gms:play-services-maps:18.2.0] AndroidManifest.xml:39:9-41:40
260            android:name="org.apache.http.legacy"
260-->[com.google.android.gms:play-services-maps:18.2.0] AndroidManifest.xml:40:13-50
261            android:required="false" />
261-->[com.google.android.gms:play-services-maps:18.2.0] AndroidManifest.xml:41:13-37
262
263        <receiver
263-->[com.onesignal:notifications:5.1.33] AndroidManifest.xml:49:9-60:20
264            android:name="com.onesignal.notifications.receivers.FCMBroadcastReceiver"
264-->[com.onesignal:notifications:5.1.33] AndroidManifest.xml:50:13-86
265            android:exported="true"
265-->[com.onesignal:notifications:5.1.33] AndroidManifest.xml:51:13-36
266            android:permission="com.google.android.c2dm.permission.SEND" >
266-->[com.onesignal:notifications:5.1.33] AndroidManifest.xml:52:13-73
267
268            <!-- High priority so OneSignal payloads can be filtered from other FCM receivers -->
269            <intent-filter android:priority="999" >
269-->[com.onesignal:notifications:5.1.33] AndroidManifest.xml:55:13-59:29
269-->[com.onesignal:notifications:5.1.33] AndroidManifest.xml:55:28-50
270                <action android:name="com.google.android.c2dm.intent.RECEIVE" />
270-->[:firebase_messaging] AndroidManifest.xml:31:17-81
270-->[:firebase_messaging] AndroidManifest.xml:31:25-78
271
272                <category android:name="com.kki.pohonasuh" />
272-->[com.onesignal:notifications:5.1.33] AndroidManifest.xml:58:17-61
272-->[com.onesignal:notifications:5.1.33] AndroidManifest.xml:58:27-58
273            </intent-filter>
274        </receiver>
275
276        <service
276-->[com.onesignal:notifications:5.1.33] AndroidManifest.xml:62:9-68:19
277            android:name="com.onesignal.notifications.services.HmsMessageServiceOneSignal"
277-->[com.onesignal:notifications:5.1.33] AndroidManifest.xml:63:13-91
278            android:exported="false" >
278-->[com.onesignal:notifications:5.1.33] AndroidManifest.xml:64:13-37
279            <intent-filter>
279-->[com.onesignal:notifications:5.1.33] AndroidManifest.xml:65:13-67:29
280                <action android:name="com.huawei.push.action.MESSAGING_EVENT" />
280-->[com.onesignal:notifications:5.1.33] AndroidManifest.xml:66:17-81
280-->[com.onesignal:notifications:5.1.33] AndroidManifest.xml:66:25-78
281            </intent-filter>
282        </service> <!-- CAUTION: OneSignal backend includes the activity name in the payload, modifying the name without sync may result in notification click not firing -->
283        <activity
283-->[com.onesignal:notifications:5.1.33] AndroidManifest.xml:69:9-77:20
284            android:name="com.onesignal.NotificationOpenedActivityHMS"
284-->[com.onesignal:notifications:5.1.33] AndroidManifest.xml:70:13-71
285            android:exported="true"